<?xml version="1.0" encoding="UTF-8"?>
<!-- Generated by org.testng.reporters.JUnitReportReporter -->
<testsuite hostname="LAPTOP-A52B1AF1" failures="0" tests="3" name="api.test.PetModuleTests" time="2.830" errors="0" timestamp="2024-01-14T18:41:19 EST" skipped="0">
  <testcase classname="api.test.PetModuleTests" name="testPostPet" time="2.338"/>
  <system-out/>
  <testcase classname="api.test.PetModuleTests" name="getPetByID" time="0.252"/>
  <system-out/>
  <testcase classname="api.test.PetModuleTests" name="getPetByStatus" time="0.240"/>
  <system-out/>
</testsuite> <!-- api.test.PetModuleTests -->
