<?xml version="1.0" encoding="UTF-8"?>
<!-- Generated by org.testng.reporters.JUnitReportReporter -->
<testsuite hostname="LAPTOP-A52B1AF1" failures="0" tests="2" name="api.test.UserTests" time="2.588" errors="0" timestamp="2024-01-09T13:35:13 EST" skipped="0">
  <testcase classname="api.test.UserTests" name="testPostUser" time="2.321"/>
  <system-out/>
  <testcase classname="api.test.UserTests" name="testGetUserByName" time="0.267"/>
  <system-out/>
</testsuite> <!-- api.test.UserTests -->
