<?xml version="1.0" encoding="UTF-8"?>
<!-- Generated by org.testng.reporters.JUnitReportReporter -->
<testsuite hostname="LAPTOP-A52B1AF1" failures="0" tests="6" name="api.test.PetModuleTests" time="12.054" errors="0" timestamp="2024-01-18T14:09:06 EST" skipped="0">
  <testcase classname="api.test.PetModuleTests" name="testPostPet" time="3.106"/>
  <system-out/>
  <testcase classname="api.test.PetModuleTests" name="uploadPetImage" time="7.928"/>
  <system-out/>
  <testcase classname="api.test.PetModuleTests" name="getPetByID" time="0.238"/>
  <system-out/>
  <testcase classname="api.test.PetModuleTests" name="updatePet" time="0.295"/>
  <system-out/>
  <testcase classname="api.test.PetModuleTests" name="updatePetStoreStatus" time="0.276"/>
  <system-out/>
  <testcase classname="api.test.PetModuleTests" name="deletePet" time="0.211"/>
  <system-out/>
</testsuite> <!-- api.test.PetModuleTests -->
