<?xml version="1.0" encoding="UTF-8"?>
<!-- Generated by org.testng.reporters.JUnitReportReporter -->
<testsuite hostname="LAPTOP-A52B1AF1" failures="0" tests="4" name="api.test.UserModuleTests" time="3.495" errors="0" timestamp="2024-01-13T00:44:42 EST" skipped="0">
  <testcase classname="api.test.UserModuleTests" name="testPostUser" time="2.593"/>
  <system-out/>
  <testcase classname="api.test.UserModuleTests" name="testGetUserByName" time="0.228"/>
  <system-out/>
  <testcase classname="api.test.UserModuleTests" name="testUpdateUserByName" time="0.467"/>
  <system-out/>
  <testcase classname="api.test.UserModuleTests" name="testDeleteUserByName" time="0.207"/>
  <system-out/>
</testsuite> <!-- api.test.UserModuleTests -->
