<?xml version="1.0" encoding="UTF-8"?>
<!-- Generated by org.testng.reporters.JUnitReportReporter -->
<testsuite hostname="LAPTOP-A52B1AF1" failures="0" tests="4" name="api.test.StoreModuleTests" time="2.962" errors="0" timestamp="2024-01-11T18:16:19 EST" skipped="0">
  <testcase classname="api.test.StoreModuleTests" name="testPostStore" time="2.286"/>
  <system-out/>
  <testcase classname="api.test.StoreModuleTests" name="testGetStoreDetails" time="0.240"/>
  <system-out/>
  <testcase classname="api.test.StoreModuleTests" name="testGetInventoryStatus" time="0.225"/>
  <system-out/>
  <testcase classname="api.test.StoreModuleTests" name="testDeleteOrder" time="0.211"/>
  <system-out/>
</testsuite> <!-- api.test.StoreModuleTests -->
