<?xml version="1.0" encoding="UTF-8"?>
<!-- Generated by org.testng.reporters.JUnitReportReporter -->
<testsuite hostname="LAPTOP-A52B1AF1" failures="0" tests="4" name="api.test.UserModuleTests" time="1.056" errors="0" timestamp="2024-01-11T17:47:41 EST" skipped="0">
  <testcase classname="api.test.UserModuleTests" name="testPostUser" time="0.229"/>
  <system-out/>
  <testcase classname="api.test.UserModuleTests" name="testGetUserByName" time="0.211"/>
  <system-out/>
  <testcase classname="api.test.UserModuleTests" name="testUpdateUserByName" time="0.405"/>
  <system-out/>
  <testcase classname="api.test.UserModuleTests" name="testDeleteUserByName" time="0.211"/>
  <system-out/>
</testsuite> <!-- api.test.UserModuleTests -->
