<?xml version="1.0" encoding="UTF-8"?>
<!-- Generated by org.testng.reporters.JUnitReportReporter -->
<testsuite hostname="LAPTOP-A52B1AF1" failures="0" tests="4" name="api.test.StoreModuleTests" time="3.041" errors="0" timestamp="2024-01-11T17:47:41 EST" skipped="0">
  <testcase classname="api.test.StoreModuleTests" name="testPostStore" time="2.363"/>
  <system-out/>
  <testcase classname="api.test.StoreModuleTests" name="testGetStoreDetails" time="0.262"/>
  <system-out/>
  <testcase classname="api.test.StoreModuleTests" name="testGetInventoryStatus" time="0.219"/>
  <system-out/>
  <testcase classname="api.test.StoreModuleTests" name="testDeleteOrder" time="0.197"/>
  <system-out/>
</testsuite> <!-- api.test.StoreModuleTests -->
